2025-10-21 07:11:56,292:INFO:Script started
2025-10-21 07:11:56,293:INFO:Starting processing for 63 vendors with 10 concurrent operations
2025-10-21 07:11:56,300:INFO:Processing vendor: a201806061906228670097971
2025-10-21 07:11:56,302:INFO:Processing vendor: a2018010822273327434
2025-10-21 07:11:56,302:INFO:Processing vendor: a202012251445571550594728
2025-10-21 07:11:56,303:INFO:Processing vendor: a201912310143044600286360
2025-10-21 07:11:56,303:INFO:Processing vendor: a201903281615367860166324
2025-10-21 07:11:56,306:INFO:Processing vendor: a2018010917270834895
2025-10-21 07:11:56,318:INFO:Processing vendor: a202404192105238602001635
2025-10-21 07:11:56,321:INFO:Processing vendor: a202010082358318990477763
2025-10-21 07:11:56,326:INFO:Processing vendor: a2017121816575808682
2025-10-21 07:11:56,326:INFO:Processing vendor: a2017122201154502554
2025-10-21 07:11:57,900:INFO:Processing vendor: a202303052030280760001283
2025-10-21 07:11:57,903:INFO:Vendor a2017122201154502554 - No qualified data to download
2025-10-21 07:11:57,912:INFO:Processing vendor: a202405241124306572002876
2025-10-21 07:11:57,913:INFO:Vendor a202010082358318990477763 - No qualified data to download
2025-10-21 07:11:57,957:INFO:Processing vendor: a201810301621302480105169
2025-10-21 07:11:57,957:INFO:Vendor a202404192105238602001635 - No qualified data to download
2025-10-21 07:11:58,113:INFO:Processing vendor: a201906061800426220167776
2025-10-21 07:11:58,119:INFO:Vendor a201903281615367860166324 - No qualified data to download
2025-10-21 07:11:58,743:INFO:Processing vendor: a2018030112493216496
2025-10-21 07:11:58,744:INFO:Vendor a2018010917270834895 - No qualified data to download
2025-10-21 07:11:58,889:INFO:Processing vendor: a201807231024280280104591
2025-10-21 07:11:58,889:INFO:Vendor a2018010822273327434 - No qualified data to download
2025-10-21 07:11:59,273:INFO:Processing vendor: a201806261508593630084027
2025-10-21 07:11:59,273:INFO:Vendor a202405241124306572002876 - No qualified data to download
2025-10-21 07:11:59,452:INFO:Processing vendor: a2018010921111724454
2025-10-21 07:11:59,452:INFO:Vendor a201906061800426220167776 - No qualified data to download
2025-10-21 07:12:00,496:INFO:Processing vendor: a201807310651298060035905
2025-10-21 07:12:00,497:INFO:Vendor a2017121816575808682 - Data processing completed, downloads started immediately
2025-10-21 07:12:00,598:INFO:Processing vendor: a202309161341391112001129
2025-10-21 07:12:00,600:INFO:Vendor a201806261508593630084027 - No qualified data to download
2025-10-21 07:12:00,609:INFO:Vendor a201912310143044600286360 - Data processing completed, downloads started immediately
2025-10-21 07:12:00,608:INFO:Processing vendor: a2018013117585943485
2025-10-21 07:12:00,970:INFO:Processing vendor: a201809141336200740005671
2025-10-21 07:12:00,970:INFO:Vendor a2018030112493216496 - No qualified data to download
2025-10-21 07:12:01,939:INFO:Processing vendor: a202010181841365740501047
2025-10-21 07:12:01,941:INFO:Vendor a2018010921111724454 - No qualified data to download
2025-10-21 07:12:02,124:INFO:Processing vendor: a2018012313160631913
2025-10-21 07:12:02,127:INFO:Vendor a2018013117585943485 - No qualified data to download
2025-10-21 07:12:03,532:INFO:Processing vendor: a202208160010571420002358
2025-10-21 07:12:03,533:INFO:Vendor a202010181841365740501047 - No qualified data to download
2025-10-21 07:12:03,652:INFO:Processing vendor: a201809201925131710080380
2025-10-21 07:12:03,652:INFO:Vendor a202309161341391112001129 - No qualified data to download
2025-10-21 07:12:05,508:INFO:Processing vendor: a201904091340459270103789
2025-10-21 07:12:05,508:INFO:Vendor a201809201925131710080380 - No qualified data to download
2025-10-21 07:12:12,421:INFO:Processing vendor: a2017122211111803941
2025-10-21 07:12:12,422:INFO:Vendor a202303052030280760001283 - Data processing completed, downloads started immediately
